\BOOKMARK [-1][-]{part.1}{I Teoria}{}% 1
\BOOKMARK [0][-]{chapter.1}{Modello Relazionale}{part.1}% 2
\BOOKMARK [1][-]{section.1.1}{Relazione}{chapter.1}% 3
\BOOKMARK [1][-]{section.1.2}{Attributo}{chapter.1}% 4
\BOOKMARK [2][-]{subsection.1.2.1}{Tipologia}{section.1.2}% 5
\BOOKMARK [2][-]{subsection.1.2.2}{Dominio}{section.1.2}% 6
\BOOKMARK [2][-]{subsection.1.2.3}{Valore nullo}{section.1.2}% 7
\BOOKMARK [1][-]{section.1.3}{Schema di una relazione}{chapter.1}% 8
\BOOKMARK [1][-]{section.1.4}{Grado di una relazione}{chapter.1}% 9
\BOOKMARK [1][-]{section.1.5}{Istanza di una relazione}{chapter.1}% 10
\BOOKMARK [1][-]{section.1.6}{Cardinalit\340 di una relazione}{chapter.1}% 11
\BOOKMARK [1][-]{section.1.7}{Notazioni ibride}{chapter.1}% 12
\BOOKMARK [1][-]{section.1.8}{Tupla}{chapter.1}% 13
\BOOKMARK [2][-]{subsection.1.8.1}{Valori di una tupla}{section.1.8}% 14
\BOOKMARK [1][-]{section.1.9}{Vincoli locali}{chapter.1}% 15
\BOOKMARK [2][-]{subsection.1.9.1}{Vincolo locale di dominio}{section.1.9}% 16
\BOOKMARK [2][-]{subsection.1.9.2}{Vincolo sui valori nulli}{section.1.9}% 17
\BOOKMARK [2][-]{subsection.1.9.3}{Altri vincoli}{section.1.9}% 18
\BOOKMARK [2][-]{subsection.1.9.4}{Vincolo di identificazione}{section.1.9}% 19
\BOOKMARK [2][-]{subsection.1.9.5}{Definizione di superchiave}{section.1.9}% 20
\BOOKMARK [2][-]{subsection.1.9.6}{Chiave candidata}{section.1.9}% 21
\BOOKMARK [2][-]{subsection.1.9.7}{Chiave principale}{section.1.9}% 22
\BOOKMARK [1][-]{section.1.10}{Correttezza di una relazione}{chapter.1}% 23
\BOOKMARK [1][-]{section.1.11}{Schema di una base dati}{chapter.1}% 24
\BOOKMARK [1][-]{section.1.12}{Vincoli globali}{chapter.1}% 25
\BOOKMARK [2][-]{subsection.1.12.1}{Vincolo di integrit\340 referenziale}{section.1.12}% 26
\BOOKMARK [2][-]{subsection.1.12.2}{Vincoli globali generali}{section.1.12}% 27
\BOOKMARK [1][-]{section.1.13}{Base dati}{chapter.1}% 28
\BOOKMARK [2][-]{subsection.1.13.1}{Definizione di schema di una base dati}{section.1.13}% 29
\BOOKMARK [2][-]{subsection.1.13.2}{Stato di una base di dati}{section.1.13}% 30
\BOOKMARK [1][-]{section.1.14}{Considerazione finale sul modello relazionale}{chapter.1}% 31
\BOOKMARK [0][-]{chapter.2}{Algebra relazionale}{part.1}% 32
\BOOKMARK [1][-]{section.2.1}{Operatore selezione}{chapter.2}% 33
\BOOKMARK [2][-]{subsection.2.1.1}{Sintassi del predicato di selezione}{section.2.1}% 34
\BOOKMARK [2][-]{subsection.2.1.2}{Cardinalit\340 della selezione}{section.2.1}% 35
\BOOKMARK [1][-]{section.2.2}{Operatore proiezione}{chapter.2}% 36
\BOOKMARK [2][-]{subsection.2.2.1}{Cardinalit\340 della proiezione}{section.2.2}% 37
\BOOKMARK [1][-]{section.2.3}{Composizione di operatori}{chapter.2}% 38
\BOOKMARK [1][-]{section.2.4}{Operatori insiemistici: unione e differenza}{chapter.2}% 39
\BOOKMARK [2][-]{subsection.2.4.1}{Cardinalit\340 dell'unione}{section.2.4}% 40
\BOOKMARK [2][-]{subsection.2.4.2}{Cardinalit\340 della differenza}{section.2.4}% 41
\BOOKMARK [1][-]{section.2.5}{Operatore intersezione}{chapter.2}% 42
\BOOKMARK [2][-]{subsection.2.5.1}{Cardinalit\340 dell'intersezione}{section.2.5}% 43
\BOOKMARK [1][-]{section.2.6}{Operatore ridenominazione}{chapter.2}% 44
\BOOKMARK [1][-]{section.2.7}{Uso corretto degli operatori insiemistici}{chapter.2}% 45
\BOOKMARK [1][-]{section.2.8}{Ridenominazione schema}{chapter.2}% 46
\BOOKMARK [1][-]{section.2.9}{Prodotto cartesiano}{chapter.2}% 47
\BOOKMARK [2][-]{subsection.2.9.1}{Cardinalit\340 del prodotto cartesiano}{section.2.9}% 48
\BOOKMARK [1][-]{section.2.10}{Operatore -3mu}{chapter.2}% 49
\BOOKMARK [2][-]{subsection.2.10.1}{Cardinalit\340 del -3mu}{section.2.10}% 50
\BOOKMARK [2][-]{subsection.2.10.2}{Join con schemi non disgiunti}{section.2.10}% 51
\BOOKMARK [2][-]{subsection.2.10.3}{Semplificazione della ridenominazione}{section.2.10}% 52
\BOOKMARK [1][-]{section.2.11}{Operatore Natural-Join}{chapter.2}% 53
\BOOKMARK [1][-]{section.2.12}{Operatore Semi-Join}{chapter.2}% 54
\BOOKMARK [2][-]{subsection.2.12.1}{Cardinalit\340 del semi-join}{section.2.12}% 55
\BOOKMARK [1][-]{section.2.13}{Join esterni}{chapter.2}% 56
\BOOKMARK [2][-]{subsection.2.13.1}{Left Join}{section.2.13}% 57
\BOOKMARK [2][-]{subsection.2.13.2}{Right Join}{section.2.13}% 58
\BOOKMARK [2][-]{subsection.2.13.3}{Full Join}{section.2.13}% 59
\BOOKMARK [0][-]{chapter.3}{Tipologie di interrogazioni}{part.1}% 60
\BOOKMARK [1][-]{section.3.1}{Interrogazioni con negazione}{chapter.3}% 61
\BOOKMARK [2][-]{subsection.3.1.1}{Negazione esssenziale}{section.3.1}% 62
\BOOKMARK [2][-]{subsection.3.1.2}{Esempi}{section.3.1}% 63
\BOOKMARK [1][-]{section.3.2}{Interrogazioni con quantificazione universale}{chapter.3}% 64
\BOOKMARK [2][-]{subsection.3.2.1}{Operatore deerivato quoziente}{section.3.2}% 65
\BOOKMARK [1][-]{section.3.3}{Semantica di Codd del valore nullo}{chapter.3}% 66
\BOOKMARK [1][-]{section.3.4}{Logica a tre valori}{chapter.3}% 67
\BOOKMARK [2][-]{subsection.3.4.1}{Operatori e logica a tre valori}{section.3.4}% 68
\BOOKMARK [2][-]{subsection.3.4.2}{Espressioni e logica a tre valori}{section.3.4}% 69
\BOOKMARK [2][-]{subsection.3.4.3}{Limiti della logica a tre valori}{section.3.4}% 70
\BOOKMARK [2][-]{subsection.3.4.4}{Perch\351 la logica a tre valori}{section.3.4}% 71
\BOOKMARK [1][-]{section.3.5}{Propriet\340 degli operatori algebrici}{chapter.3}% 72
\BOOKMARK [2][-]{subsection.3.5.1}{Propriet\340 commutativa del prodotto cartesiano}{section.3.5}% 73
\BOOKMARK [2][-]{subsection.3.5.2}{Propriet\340 commutativa del -join}{section.3.5}% 74
\BOOKMARK [2][-]{subsection.3.5.3}{Propriet\340 associativa del prodotto cartesiano}{section.3.5}% 75
\BOOKMARK [2][-]{subsection.3.5.4}{Propriet\340 associativa del -join}{section.3.5}% 76
\BOOKMARK [2][-]{subsection.3.5.5}{Propriet\340 della selezione multipla}{section.3.5}% 77
\BOOKMARK [2][-]{subsection.3.5.6}{Propriet\340 della sostituzione di operatori}{section.3.5}% 78
\BOOKMARK [2][-]{subsection.3.5.7}{Propriet\340 distributiva della selezione rispetto alla proiezione}{section.3.5}% 79
\BOOKMARK [2][-]{subsection.3.5.8}{Propriet\340 distributiva della selezione rispetto al prodotto cartesiano}{section.3.5}% 80
\BOOKMARK [2][-]{subsection.3.5.9}{Propriet\340 distributiva della selezione rispetto al join}{section.3.5}% 81
\BOOKMARK [2][-]{subsection.3.5.10}{Propriet\340 distributiva della selezione rispetto all'unione e differenza}{section.3.5}% 82
\BOOKMARK [2][-]{subsection.3.5.11}{Propriet\340 della proiezione multipla}{section.3.5}% 83
\BOOKMARK [2][-]{subsection.3.5.12}{Propriet\340 distributiva della proiezione rispetto al prodotto cartesiano}{section.3.5}% 84
\BOOKMARK [2][-]{subsection.3.5.13}{Propriet\340 distributiva della proiezione rispetto al join}{section.3.5}% 85
\BOOKMARK [2][-]{subsection.3.5.14}{Propriet\340 distributiva della proiezione rispetto all'unione}{section.3.5}% 86
\BOOKMARK [2][-]{subsection.3.5.15}{Altre propriet\340}{section.3.5}% 87
\BOOKMARK [0][-]{chapter.4}{Calcolo relazionale}{part.1}% 88
\BOOKMARK [1][-]{section.4.1}{Calcolo su tuple con dichiarazione di range}{chapter.4}% 89
\BOOKMARK [2][-]{subsection.4.1.1}{Join nel calcolo relazionale}{section.4.1}% 90
\BOOKMARK [2][-]{subsection.4.1.2}{Quantificazione universale ed esistenziale}{section.4.1}% 91
\BOOKMARK [2][-]{subsection.4.1.3}{Negazione essenziale}{section.4.1}% 92
\BOOKMARK [2][-]{subsection.4.1.4}{Prodotto cartesiano}{section.4.1}% 93
\BOOKMARK [2][-]{subsection.4.1.5}{Unione}{section.4.1}% 94
\BOOKMARK [2][-]{subsection.4.1.6}{Limiti del calcolo relazionale}{section.4.1}% 95
\BOOKMARK [0][-]{chapter.5}{Normalizzazione}{part.1}% 96
\BOOKMARK [1][-]{section.5.1}{Ridondanze e anomalie}{chapter.5}% 97
\BOOKMARK [1][-]{section.5.2}{Dipendenze funzionali}{chapter.5}% 98
\BOOKMARK [1][-]{section.5.3}{Teoria di Armstrong}{chapter.5}% 99
\BOOKMARK [2][-]{subsection.5.3.1}{Assiomi della teoria di Armstrong}{section.5.3}% 100
\BOOKMARK [2][-]{subsection.5.3.2}{Vincolo di dipendenza funzionale}{section.5.3}% 101
\BOOKMARK [2][-]{subsection.5.3.3}{Attributi estranei}{section.5.3}% 102
\BOOKMARK [1][-]{section.5.4}{Forma normale di Boyce e Codd}{chapter.5}% 103
\BOOKMARK [2][-]{subsection.5.4.1}{Definizione di forma normale di Boyce e Codd}{section.5.4}% 104
\BOOKMARK [2][-]{subsection.5.4.2}{Decomposizione in forma normale di Boyce e Codd}{section.5.4}% 105
\BOOKMARK [1][-]{section.5.5}{Propriet\340 delle decomposizioni}{chapter.5}% 106
\BOOKMARK [2][-]{subsection.5.5.1}{Decomposizione senza perdita}{section.5.5}% 107
\BOOKMARK [2][-]{subsection.5.5.2}{Conservazione delle dipendenze}{section.5.5}% 108
\BOOKMARK [2][-]{subsection.5.5.3}{Qualit\340 delle decomposizioni}{section.5.5}% 109
\BOOKMARK [1][-]{section.5.6}{Terza forma normale}{chapter.5}% 110
\BOOKMARK [2][-]{subsection.5.6.1}{Limitazioni della forma normale di Boyce e Codd}{section.5.6}% 111
\BOOKMARK [2][-]{subsection.5.6.2}{Definizione di terza forma normale}{section.5.6}% 112
\BOOKMARK [2][-]{subsection.5.6.3}{Decomposizione in terza forma normale}{section.5.6}% 113
\BOOKMARK [1][-]{section.5.7}{Teoria delle dipendenze e normalizzazione}{chapter.5}% 114
\BOOKMARK [2][-]{subsection.5.7.1}{Implicazione di dipendenze funzionali}{section.5.7}% 115
\BOOKMARK [2][-]{subsection.5.7.2}{Coperture di insiemi di dipendenze funzionali}{section.5.7}% 116
\BOOKMARK [2][-]{subsection.5.7.3}{Sintesi di schemi in terza forma normale}{section.5.7}% 117
\BOOKMARK [0][-]{chapter.6}{Architettura dei DBMS}{part.1}% 118
\BOOKMARK [1][-]{section.6.1}{Memoria centrale}{chapter.6}% 119
\BOOKMARK [2][-]{subsection.6.1.1}{Le pagine}{section.6.1}% 120
\BOOKMARK [-1][-]{part.2}{II SQL}{}% 121
\BOOKMARK [0][-]{chapter.7}{Introduzione}{part.2}% 122
\BOOKMARK [1][-]{section.7.1}{PostgreSQL}{chapter.7}% 123
\BOOKMARK [1][-]{section.7.2}{Domini dei dati}{chapter.7}% 124
\BOOKMARK [2][-]{subsection.7.2.1}{Caratteri e stringhe}{section.7.2}% 125
\BOOKMARK [2][-]{subsection.7.2.2}{Tipi numerici esatti}{section.7.2}% 126
\BOOKMARK [2][-]{subsection.7.2.3}{Tipi numerici approssimati}{section.7.2}% 127
\BOOKMARK [2][-]{subsection.7.2.4}{Date}{section.7.2}% 128
\BOOKMARK [2][-]{subsection.7.2.5}{Intervalli}{section.7.2}% 129
\BOOKMARK [2][-]{subsection.7.2.6}{Altri domini}{section.7.2}% 130
\BOOKMARK [2][-]{subsection.7.2.7}{Domini personalizzati}{section.7.2}% 131
\BOOKMARK [1][-]{section.7.3}{Definizione di tabelle}{chapter.7}% 132
\BOOKMARK [2][-]{subsection.7.3.1}{Valori di default}{section.7.3}% 133
\BOOKMARK [1][-]{section.7.4}{Definizione dei vincoli}{chapter.7}% 134
\BOOKMARK [2][-]{subsection.7.4.1}{Vincoli intrarelazionali predefiniti}{section.7.4}% 135
\BOOKMARK [1][-]{section.7.5}{Modifiche alle definizioni}{chapter.7}% 136
\BOOKMARK [0][-]{chapter.8}{Query di Base}{part.2}% 137
\BOOKMARK [1][-]{section.8.1}{Clausola select}{chapter.8}% 138
\BOOKMARK [1][-]{section.8.2}{Clausola from}{chapter.8}% 139
\BOOKMARK [1][-]{section.8.3}{Clausola where}{chapter.8}% 140
\BOOKMARK [1][-]{section.8.4}{Gestione dei valori nulli}{chapter.8}% 141
\BOOKMARK [1][-]{section.8.5}{Duplicati}{chapter.8}% 142
\BOOKMARK [1][-]{section.8.6}{Uso di variabili}{chapter.8}% 143
\BOOKMARK [1][-]{section.8.7}{Ordinamento}{chapter.8}% 144
\BOOKMARK [0][-]{chapter.9}{Join}{part.2}% 145
\BOOKMARK [0][-]{chapter.10}{Aggregati}{part.2}% 146
\BOOKMARK [1][-]{section.10.1}{Operatori aggregati}{chapter.10}% 147
\BOOKMARK [2][-]{subsection.10.1.1}{Operatore count}{section.10.1}% 148
\BOOKMARK [2][-]{subsection.10.1.2}{Altri operatori aggregati}{section.10.1}% 149
\BOOKMARK [1][-]{section.10.2}{Interrogazioni con raggruppamento}{chapter.10}% 150
\BOOKMARK [2][-]{subsection.10.2.1}{Predicati sui gruppi}{section.10.2}% 151
\BOOKMARK [0][-]{chapter.11}{Operatori Insiemistici}{part.2}% 152
\BOOKMARK [0][-]{chapter.12}{Query Nidificate}{part.2}% 153
\BOOKMARK [1][-]{section.12.1}{Interrogazioni nidificate complesse}{chapter.12}% 154
\BOOKMARK [0][-]{chapter.13}{Modifica dei dati}{part.2}% 155
\BOOKMARK [1][-]{section.13.1}{Inserimento}{chapter.13}% 156
\BOOKMARK [1][-]{section.13.2}{Cancellazione}{chapter.13}% 157
\BOOKMARK [1][-]{section.13.3}{Modifica}{chapter.13}% 158
\BOOKMARK [-1][-]{part.3}{III Progettazione}{}% 159
\BOOKMARK [0][-]{chapter.14}{Metodologie e Modelli per il progetto}{part.3}% 160
\BOOKMARK [1][-]{section.14.1}{Introduzione alla progettazione}{chapter.14}% 161
\BOOKMARK [2][-]{subsection.14.1.1}{Il ciclo di vita dei sistemi informativi}{section.14.1}% 162
\BOOKMARK [2][-]{subsection.14.1.2}{Metodologie di progettazione e basi di dati}{section.14.1}% 163
\BOOKMARK [1][-]{section.14.2}{Il modello E-R}{chapter.14}% 164
\BOOKMARK [2][-]{subsection.14.2.1}{I costrutti principali del modello}{section.14.2}% 165
\BOOKMARK [1][-]{section.14.3}{Panoramica finale sul modello E-R}{chapter.14}% 166
\BOOKMARK [1][-]{section.14.4}{Documentazione di schemi E-R}{chapter.14}% 167
\BOOKMARK [2][-]{subsection.14.4.1}{Regole aziendali}{section.14.4}% 168
\BOOKMARK [2][-]{subsection.14.4.2}{Tecniche di documentazione}{section.14.4}% 169
\BOOKMARK [0][-]{chapter.15}{Progettazione Concettuale}{part.3}% 170
\BOOKMARK [1][-]{section.15.1}{Raccolta e analisi dei requisiti}{chapter.15}% 171
\BOOKMARK [2][-]{subsection.15.1.1}{Fonti dei requisiti}{section.15.1}% 172
\BOOKMARK [2][-]{subsection.15.1.2}{Specifica dei requisiti}{section.15.1}% 173
\BOOKMARK [2][-]{subsection.15.1.3}{Specifiche sulle operazioni}{section.15.1}% 174
\BOOKMARK [1][-]{section.15.2}{Criteri per la rappresentazione dei dati}{chapter.15}% 175
\BOOKMARK [2][-]{subsection.15.2.1}{Criteri generali di rappresentazione}{section.15.2}% 176
\BOOKMARK [2][-]{subsection.15.2.2}{Qualit\340 di uno schema concettuale}{section.15.2}% 177
\BOOKMARK [0][-]{chapter.16}{Progettazione Logica}{part.3}% 178
\BOOKMARK [1][-]{section.16.1}{Fasi della progettazione logica}{chapter.16}% 179
\BOOKMARK [1][-]{section.16.2}{Analisi delle prestazioni su schemi E-R}{chapter.16}% 180
\BOOKMARK [1][-]{section.16.3}{Ristrutturazione di schemi E-R}{chapter.16}% 181
\BOOKMARK [2][-]{subsection.16.3.1}{Analisi delle ridondanze}{section.16.3}% 182
\BOOKMARK [2][-]{subsection.16.3.2}{Eliminazione delle generalizzazioni}{section.16.3}% 183
\BOOKMARK [2][-]{subsection.16.3.3}{Partizionamento/accorpamento di concetti}{section.16.3}% 184
\BOOKMARK [2][-]{subsection.16.3.4}{Scelta degli identificatori principali}{section.16.3}% 185
\BOOKMARK [1][-]{section.16.4}{Traduzione verso il modello relazionale}{chapter.16}% 186
\BOOKMARK [2][-]{subsection.16.4.1}{Entit\340 e associazioni molti a molti}{section.16.4}% 187
\BOOKMARK [2][-]{subsection.16.4.2}{Associazioni uno a molti}{section.16.4}% 188
\BOOKMARK [2][-]{subsection.16.4.3}{Entit\340 con identificatore esterno}{section.16.4}% 189
\BOOKMARK [2][-]{subsection.16.4.4}{Associazioni uno a uno}{section.16.4}% 190
\BOOKMARK [1][-]{section.16.5}{Documentazione di schemi logici}{chapter.16}% 191
