This is pdfTeX, Version 3.14159265-2.6-1.40.17 (TeX Live 2016) (preloaded format=pdflatex 2017.5.9)  25 JUN 2017 20:34
entering extended mode
 restricted \write18 enabled.
 %&-line parsing enabled.
**db_notes.tex
(./db_notes.tex
LaTeX2e <2016/03/31>
Babel <3.9r> and hyphenation patterns for 83 language(s) loaded.
(/usr/local/texlive/2016/texmf-dist/tex/latex/base/book.cls
Document Class: book 2014/09/29 v1.4h Standard LaTeX document class
(/usr/local/texlive/2016/texmf-dist/tex/latex/base/bk12.clo
File: bk12.clo 2014/09/29 v1.4h Standard LaTeX file (size option)
)
\c@part=\count79
\c@chapter=\count80
\c@section=\count81
\c@subsection=\count82
\c@subsubsection=\count83
\c@paragraph=\count84
\c@subparagraph=\count85
\c@figure=\count86
\c@table=\count87
\abovecaptionskip=\skip41
\belowcaptionskip=\skip42
\bibindent=\dimen102
)
(/usr/local/texlive/2016/texmf-dist/tex/latex/base/inputenc.sty
Package: inputenc 2015/03/17 v1.2c Input encoding file
\inpenc@prehook=\toks14
\inpenc@posthook=\toks15

(/usr/local/texlive/2016/texmf-dist/tex/latex/base/utf8.def
File: utf8.def 2016/02/28 v1.1s UTF-8 support for inputenc
Now handling font encoding OML ...
... no UTF-8 mapping file for font encoding OML
Now handling font encoding T1 ...
... processing UTF-8 mapping file for font encoding T1

(/usr/local/texlive/2016/texmf-dist/tex/latex/base/t1enc.dfu
File: t1enc.dfu 2016/02/28 v1.1s UTF-8 support for inputenc
   defining Unicode char U+00A0 (decimal 160)
   defining Unicode char U+00A1 (decimal 161)
   defining Unicode char U+00A3 (decimal 163)
   defining Unicode char U+00AB (decimal 171)
   defining Unicode char U+00AD (decimal 173)
   defining Unicode char U+00BB (decimal 187)
   defining Unicode char U+00BF (decimal 191)
   defining Unicode char U+00C0 (decimal 192)
   defining Unicode char U+00C1 (decimal 193)
   defining Unicode char U+00C2 (decimal 194)
   defining Unicode char U+00C3 (decimal 195)
   defining Unicode char U+00C4 (decimal 196)
   defining Unicode char U+00C5 (decimal 197)
   defining Unicode char U+00C6 (decimal 198)
   defining Unicode char U+00C7 (decimal 199)
   defining Unicode char U+00C8 (decimal 200)
   defining Unicode char U+00C9 (decimal 201)
   defining Unicode char U+00CA (decimal 202)
   defining Unicode char U+00CB (decimal 203)
   defining Unicode char U+00CC (decimal 204)
   defining Unicode char U+00CD (decimal 205)
   defining Unicode char U+00CE (decimal 206)
   defining Unicode char U+00CF (decimal 207)
   defining Unicode char U+00D0 (decimal 208)
   defining Unicode char U+00D1 (decimal 209)
   defining Unicode char U+00D2 (decimal 210)
   defining Unicode char U+00D3 (decimal 211)
   defining Unicode char U+00D4 (decimal 212)
   defining Unicode char U+00D5 (decimal 213)
   defining Unicode char U+00D6 (decimal 214)
   defining Unicode char U+00D8 (decimal 216)
   defining Unicode char U+00D9 (decimal 217)
   defining Unicode char U+00DA (decimal 218)
   defining Unicode char U+00DB (decimal 219)
   defining Unicode char U+00DC (decimal 220)
   defining Unicode char U+00DD (decimal 221)
   defining Unicode char U+00DE (decimal 222)
   defining Unicode char U+00DF (decimal 223)
   defining Unicode char U+00E0 (decimal 224)
   defining Unicode char U+00E1 (decimal 225)
   defining Unicode char U+00E2 (decimal 226)
   defining Unicode char U+00E3 (decimal 227)
   defining Unicode char U+00E4 (decimal 228)
   defining Unicode char U+00E5 (decimal 229)
   defining Unicode char U+00E6 (decimal 230)
   defining Unicode char U+00E7 (decimal 231)
   defining Unicode char U+00E8 (decimal 232)
   defining Unicode char U+00E9 (decimal 233)
   defining Unicode char U+00EA (decimal 234)
   defining Unicode char U+00EB (decimal 235)
   defining Unicode char U+00EC (decimal 236)
   defining Unicode char U+00ED (decimal 237)
   defining Unicode char U+00EE (decimal 238)
   defining Unicode char U+00EF (decimal 239)
   defining Unicode char U+00F0 (decimal 240)
   defining Unicode char U+00F1 (decimal 241)
   defining Unicode char U+00F2 (decimal 242)
   defining Unicode char U+00F3 (decimal 243)
   defining Unicode char U+00F4 (decimal 244)
   defining Unicode char U+00F5 (decimal 245)
   defining Unicode char U+00F6 (decimal 246)
   defining Unicode char U+00F8 (decimal 248)
   defining Unicode char U+00F9 (decimal 249)
   defining Unicode char U+00FA (decimal 250)
   defining Unicode char U+00FB (decimal 251)
   defining Unicode char U+00FC (decimal 252)
   defining Unicode char U+00FD (decimal 253)
   defining Unicode char U+00FE (decimal 254)
   defining Unicode char U+00FF (decimal 255)
   defining Unicode char U+0100 (decimal 256)
   defining Unicode char U+0101 (decimal 257)
   defining Unicode char U+0102 (decimal 258)
   defining Unicode char U+0103 (decimal 259)
   defining Unicode char U+0104 (decimal 260)
   defining Unicode char U+0105 (decimal 261)
   defining Unicode char U+0106 (decimal 262)
   defining Unicode char U+0107 (decimal 263)
   defining Unicode char U+0108 (decimal 264)
   defining Unicode char U+0109 (decimal 265)
   defining Unicode char U+010A (decimal 266)
   defining Unicode char U+010B (decimal 267)
   defining Unicode char U+010C (decimal 268)
   defining Unicode char U+010D (decimal 269)
   defining Unicode char U+010E (decimal 270)
   defining Unicode char U+010F (decimal 271)
   defining Unicode char U+0110 (decimal 272)
   defining Unicode char U+0111 (decimal 273)
   defining Unicode char U+0112 (decimal 274)
   defining Unicode char U+0113 (decimal 275)
   defining Unicode char U+0114 (decimal 276)
   defining Unicode char U+0115 (decimal 277)
   defining Unicode char U+0116 (decimal 278)
   defining Unicode char U+0117 (decimal 279)
   defining Unicode char U+0118 (decimal 280)
   defining Unicode char U+0119 (decimal 281)
   defining Unicode char U+011A (decimal 282)
   defining Unicode char U+011B (decimal 283)
   defining Unicode char U+011C (decimal 284)
   defining Unicode char U+011D (decimal 285)
   defining Unicode char U+011E (decimal 286)
   defining Unicode char U+011F (decimal 287)
   defining Unicode char U+0120 (decimal 288)
   defining Unicode char U+0121 (decimal 289)
   defining Unicode char U+0122 (decimal 290)
   defining Unicode char U+0123 (decimal 291)
   defining Unicode char U+0124 (decimal 292)
   defining Unicode char U+0125 (decimal 293)
   defining Unicode char U+0128 (decimal 296)
   defining Unicode char U+0129 (decimal 297)
   defining Unicode char U+012A (decimal 298)
   defining Unicode char U+012B (decimal 299)
   defining Unicode char U+012C (decimal 300)
   defining Unicode char U+012D (decimal 301)
   defining Unicode char U+012E (decimal 302)
   defining Unicode char U+012F (decimal 303)
   defining Unicode char U+0130 (decimal 304)
   defining Unicode char U+0131 (decimal 305)
   defining Unicode char U+0132 (decimal 306)
   defining Unicode char U+0133 (decimal 307)
   defining Unicode char U+0134 (decimal 308)
   defining Unicode char U+0135 (decimal 309)
   defining Unicode char U+0136 (decimal 310)
   defining Unicode char U+0137 (decimal 311)
   defining Unicode char U+0139 (decimal 313)
   defining Unicode char U+013A (decimal 314)
   defining Unicode char U+013B (decimal 315)
   defining Unicode char U+013C (decimal 316)
   defining Unicode char U+013D (decimal 317)
   defining Unicode char U+013E (decimal 318)
   defining Unicode char U+0141 (decimal 321)
   defining Unicode char U+0142 (decimal 322)
   defining Unicode char U+0143 (decimal 323)
   defining Unicode char U+0144 (decimal 324)
   defining Unicode char U+0145 (decimal 325)
   defining Unicode char U+0146 (decimal 326)
   defining Unicode char U+0147 (decimal 327)
   defining Unicode char U+0148 (decimal 328)
   defining Unicode char U+014A (decimal 330)
   defining Unicode char U+014B (decimal 331)
   defining Unicode char U+014C (decimal 332)
   defining Unicode char U+014D (decimal 333)
   defining Unicode char U+014E (decimal 334)
   defining Unicode char U+014F (decimal 335)
   defining Unicode char U+0150 (decimal 336)
   defining Unicode char U+0151 (decimal 337)
   defining Unicode char U+0152 (decimal 338)
   defining Unicode char U+0153 (decimal 339)
   defining Unicode char U+0154 (decimal 340)
   defining Unicode char U+0155 (decimal 341)
   defining Unicode char U+0156 (decimal 342)
   defining Unicode char U+0157 (decimal 343)
   defining Unicode char U+0158 (decimal 344)
   defining Unicode char U+0159 (decimal 345)
   defining Unicode char U+015A (decimal 346)
   defining Unicode char U+015B (decimal 347)
   defining Unicode char U+015C (decimal 348)
   defining Unicode char U+015D (decimal 349)
   defining Unicode char U+015E (decimal 350)
   defining Unicode char U+015F (decimal 351)
   defining Unicode char U+0160 (decimal 352)
   defining Unicode char U+0161 (decimal 353)
   defining Unicode char U+0162 (decimal 354)
   defining Unicode char U+0163 (decimal 355)
   defining Unicode char U+0164 (decimal 356)
   defining Unicode char U+0165 (decimal 357)
   defining Unicode char U+0168 (decimal 360)
   defining Unicode char U+0169 (decimal 361)
   defining Unicode char U+016A (decimal 362)
   defining Unicode char U+016B (decimal 363)
   defining Unicode char U+016C (decimal 364)
   defining Unicode char U+016D (decimal 365)
   defining Unicode char U+016E (decimal 366)
   defining Unicode char U+016F (decimal 367)
   defining Unicode char U+0170 (decimal 368)
   defining Unicode char U+0171 (decimal 369)
   defining Unicode char U+0172 (decimal 370)
   defining Unicode char U+0173 (decimal 371)
   defining Unicode char U+0174 (decimal 372)
   defining Unicode char U+0175 (decimal 373)
   defining Unicode char U+0176 (decimal 374)
   defining Unicode char U+0177 (decimal 375)
   defining Unicode char U+0178 (decimal 376)
   defining Unicode char U+0179 (decimal 377)
   defining Unicode char U+017A (decimal 378)
   defining Unicode char U+017B (decimal 379)
   defining Unicode char U+017C (decimal 380)
   defining Unicode char U+017D (decimal 381)
   defining Unicode char U+017E (decimal 382)
   defining Unicode char U+01CD (decimal 461)
   defining Unicode char U+01CE (decimal 462)
   defining Unicode char U+01CF (decimal 463)
   defining Unicode char U+01D0 (decimal 464)
   defining Unicode char U+01D1 (decimal 465)
   defining Unicode char U+01D2 (decimal 466)
   defining Unicode char U+01D3 (decimal 467)
   defining Unicode char U+01D4 (decimal 468)
   defining Unicode char U+01E2 (decimal 482)
   defining Unicode char U+01E3 (decimal 483)
   defining Unicode char U+01E6 (decimal 486)
   defining Unicode char U+01E7 (decimal 487)
   defining Unicode char U+01E8 (decimal 488)
   defining Unicode char U+01E9 (decimal 489)
   defining Unicode char U+01EA (decimal 490)
   defining Unicode char U+01EB (decimal 491)
   defining Unicode char U+01F0 (decimal 496)
   defining Unicode char U+01F4 (decimal 500)
   defining Unicode char U+01F5 (decimal 501)
   defining Unicode char U+0218 (decimal 536)
   defining Unicode char U+0219 (decimal 537)
   defining Unicode char U+021A (decimal 538)
   defining Unicode char U+021B (decimal 539)
   defining Unicode char U+1E02 (decimal 7682)
   defining Unicode char U+1E03 (decimal 7683)
   defining Unicode char U+200C (decimal 8204)
   defining Unicode char U+2010 (decimal 8208)
   defining Unicode char U+2011 (decimal 8209)
   defining Unicode char U+2012 (decimal 8210)
   defining Unicode char U+2013 (decimal 8211)
   defining Unicode char U+2014 (decimal 8212)
   defining Unicode char U+2015 (decimal 8213)
   defining Unicode char U+2018 (decimal 8216)
   defining Unicode char U+2019 (decimal 8217)
   defining Unicode char U+201A (decimal 8218)
   defining Unicode char U+201C (decimal 8220)
   defining Unicode char U+201D (decimal 8221)
   defining Unicode char U+201E (decimal 8222)
   defining Unicode char U+2030 (decimal 8240)
   defining Unicode char U+2031 (decimal 8241)
   defining Unicode char U+2039 (decimal 8249)
   defining Unicode char U+203A (decimal 8250)
   defining Unicode char U+2423 (decimal 9251)
)
Now handling font encoding OT1 ...
... processing UTF-8 mapping file for font encoding OT1

(/usr/local/texlive/2016/texmf-dist/tex/latex/base/ot1enc.dfu
File: ot1enc.dfu 2016/02/28 v1.1s UTF-8 support for inputenc
   defining Unicode char U+00A0 (decimal 160)
   defining Unicode char U+00A1 (decimal 161)
   defining Unicode char U+00A3 (decimal 163)
   defining Unicode char U+00AD (decimal 173)
   defining Unicode char U+00B8 (decimal 184)
   defining Unicode char U+00BF (decimal 191)
   defining Unicode char U+00C5 (decimal 197)
   defining Unicode char U+00C6 (decimal 198)
   defining Unicode char U+00D8 (decimal 216)
   defining Unicode char U+00DF (decimal 223)
   defining Unicode char U+00E6 (decimal 230)
   defining Unicode char U+00EC (decimal 236)
   defining Unicode char U+00ED (decimal 237)
   defining Unicode char U+00EE (decimal 238)
   defining Unicode char U+00EF (decimal 239)
   defining Unicode char U+00F8 (decimal 248)
   defining Unicode char U+0131 (decimal 305)
   defining Unicode char U+0141 (decimal 321)
   defining Unicode char U+0142 (decimal 322)
   defining Unicode char U+0152 (decimal 338)
   defining Unicode char U+0153 (decimal 339)
   defining Unicode char U+0174 (decimal 372)
   defining Unicode char U+0175 (decimal 373)
   defining Unicode char U+0176 (decimal 374)
   defining Unicode char U+0177 (decimal 375)
   defining Unicode char U+0218 (decimal 536)
   defining Unicode char U+0219 (decimal 537)
   defining Unicode char U+021A (decimal 538)
   defining Unicode char U+021B (decimal 539)
   defining Unicode char U+2013 (decimal 8211)
   defining Unicode char U+2014 (decimal 8212)
   defining Unicode char U+2018 (decimal 8216)
   defining Unicode char U+2019 (decimal 8217)
   defining Unicode char U+201C (decimal 8220)
   defining Unicode char U+201D (decimal 8221)
)
Now handling font encoding OMS ...
... processing UTF-8 mapping file for font encoding OMS

(/usr/local/texlive/2016/texmf-dist/tex/latex/base/omsenc.dfu
File: omsenc.dfu 2016/02/28 v1.1s UTF-8 support for inputenc
   defining Unicode char U+00A7 (decimal 167)
   defining Unicode char U+00B6 (decimal 182)
   defining Unicode char U+00B7 (decimal 183)
   defining Unicode char U+2020 (decimal 8224)
   defining Unicode char U+2021 (decimal 8225)
   defining Unicode char U+2022 (decimal 8226)
)
Now handling font encoding OMX ...
... no UTF-8 mapping file for font encoding OMX
Now handling font encoding U ...
... no UTF-8 mapping file for font encoding U
   defining Unicode char U+00A9 (decimal 169)
   defining Unicode char U+00AA (decimal 170)
   defining Unicode char U+00AE (decimal 174)
   defining Unicode char U+00BA (decimal 186)
   defining Unicode char U+02C6 (decimal 710)
   defining Unicode char U+02DC (decimal 732)
   defining Unicode char U+200C (decimal 8204)
   defining Unicode char U+2026 (decimal 8230)
   defining Unicode char U+2122 (decimal 8482)
   defining Unicode char U+2423 (decimal 9251)
))
(/usr/local/texlive/2016/texmf-dist/tex/generic/babel/babel.sty
Package: babel 2016/04/23 3.9r The Babel package

(/usr/local/texlive/2016/texmf-dist/tex/generic/babel-italian/italian.ldf
Language: italian 2015/03/26 v1.3n Italian support from the babel system

(/usr/local/texlive/2016/texmf-dist/tex/generic/babel/babel.def
File: babel.def 2016/04/23 3.9r Babel common definitions
\babel@savecnt=\count88
\U@D=\dimen103
)
\it@lettering=\count89
\it@doublequoteactive=\count90
\it@ISOcompliance=\count91
))
(/usr/local/texlive/2016/texmf-dist/tex/latex/etoolbox/etoolbox.sty
Package: etoolbox 2015/08/02 v2.2a e-TeX tools for LaTeX (JAW)
\etb@tempcnta=\count92
)
(/usr/local/texlive/2016/texmf-dist/tex/latex/geometry/geometry.sty
Package: geometry 2010/09/12 v5.6 Page Geometry

(/usr/local/texlive/2016/texmf-dist/tex/latex/graphics/keyval.sty
Package: keyval 2014/10/28 v1.15 key=value parser (DPC)
\KV@toks@=\toks16
)
(/usr/local/texlive/2016/texmf-dist/tex/generic/oberdiek/ifpdf.sty
Package: ifpdf 2016/05/14 v3.1 Provides the ifpdf switch
)
(/usr/local/texlive/2016/texmf-dist/tex/generic/oberdiek/ifvtex.sty
Package: ifvtex 2016/05/16 v1.6 Detect VTeX and its facilities (HO)
Package ifvtex Info: VTeX not detected.
)
(/usr/local/texlive/2016/texmf-dist/tex/generic/ifxetex/ifxetex.sty
Package: ifxetex 2010/09/12 v0.6 Provides ifxetex conditional
)
\Gm@cnth=\count93
\Gm@cntv=\count94
\c@Gm@tempcnt=\count95
\Gm@bindingoffset=\dimen104
\Gm@wd@mp=\dimen105
\Gm@odd@mp=\dimen106
\Gm@even@mp=\dimen107
\Gm@layoutwidth=\dimen108
\Gm@layoutheight=\dimen109
\Gm@layouthoffset=\dimen110
\Gm@layoutvoffset=\dimen111
\Gm@dimlist=\toks17
)
(/usr/local/texlive/2016/texmf-dist/tex/latex/graphics/graphicx.sty
Package: graphicx 2014/10/28 v1.0g Enhanced LaTeX Graphics (DPC,SPQR)

(/usr/local/texlive/2016/texmf-dist/tex/latex/graphics/graphics.sty
Package: graphics 2016/05/09 v1.0r Standard LaTeX Graphics (DPC,SPQR)

(/usr/local/texlive/2016/texmf-dist/tex/latex/graphics/trig.sty
Package: trig 2016/01/03 v1.10 sin cos tan (DPC)
)
(/usr/local/texlive/2016/texmf-dist/tex/latex/graphics-cfg/graphics.cfg
File: graphics.cfg 2016/01/02 v1.10 sample graphics configuration
)
Package graphics Info: Driver file: pdftex.def on input line 96.

(/usr/local/texlive/2016/texmf-dist/tex/latex/pdftex-def/pdftex.def
File: pdftex.def 2011/05/27 v0.06d Graphics/color for pdfTeX

(/usr/local/texlive/2016/texmf-dist/tex/generic/oberdiek/infwarerr.sty
Package: infwarerr 2016/05/16 v1.4 Providing info/warning/error messages (HO)
)
(/usr/local/texlive/2016/texmf-dist/tex/generic/oberdiek/ltxcmds.sty
Package: ltxcmds 2016/05/16 v1.23 LaTeX kernel commands for general use (HO)
)
\Gread@gobject=\count96
))
\Gin@req@height=\dimen112
\Gin@req@width=\dimen113
)
(/usr/local/texlive/2016/texmf-dist/tex/latex/tools/tabularx.sty
Package: tabularx 2016/02/03 v2.11 `tabularx' package (DPC)

(/usr/local/texlive/2016/texmf-dist/tex/latex/tools/array.sty
Package: array 2014/10/28 v2.4c Tabular extension package (FMi)
\col@sep=\dimen114
\extrarowheight=\dimen115
\NC@list=\toks18
\extratabsurround=\skip43
\backup@length=\skip44
)
\TX@col@width=\dimen116
\TX@old@table=\dimen117
\TX@old@col=\dimen118
\TX@target=\dimen119
\TX@delta=\dimen120
\TX@cols=\count97
\TX@ftn=\toks19
)
(/usr/local/texlive/2016/texmf-dist/tex/latex/xcolor/xcolor.sty
Package: xcolor 2016/05/11 v2.12 LaTeX color extensions (UK)

(/usr/local/texlive/2016/texmf-dist/tex/latex/graphics-cfg/color.cfg
File: color.cfg 2016/01/02 v1.6 sample color configuration
)
Package xcolor Info: Driver file: pdftex.def on input line 225.
Package xcolor Info: Model `cmy' substituted by `cmy0' on input line 1348.
Package xcolor Info: Model `hsb' substituted by `rgb' on input line 1352.
Package xcolor Info: Model `RGB' extended on input line 1364.
Package xcolor Info: Model `HTML' substituted by `rgb' on input line 1366.
Package xcolor Info: Model `Hsb' substituted by `hsb' on input line 1367.
Package xcolor Info: Model `tHsb' substituted by `hsb' on input line 1368.
Package xcolor Info: Model `HSB' substituted by `hsb' on input line 1369.
Package xcolor Info: Model `Gray' substituted by `gray' on input line 1370.
Package xcolor Info: Model `wave' substituted by `hsb' on input line 1371.

(/usr/local/texlive/2016/texmf-dist/tex/latex/graphics/dvipsnam.def
File: dvipsnam.def 2015/12/30 v3.0k Driver-dependent file (DPC,SPQR)
))
(/usr/local/texlive/2016/texmf-dist/tex/latex/hyperref/hyperref.sty
Package: hyperref 2016/05/05 v6.83n Hypertext links for LaTeX

(/usr/local/texlive/2016/texmf-dist/tex/generic/oberdiek/hobsub-hyperref.sty
Package: hobsub-hyperref 2016/05/16 v1.14 Bundle oberdiek, subset hyperref (HO)


(/usr/local/texlive/2016/texmf-dist/tex/generic/oberdiek/hobsub-generic.sty
Package: hobsub-generic 2016/05/16 v1.14 Bundle oberdiek, subset generic (HO)
Package: hobsub 2016/05/16 v1.14 Construct package bundles (HO)
Package hobsub Info: Skipping package `infwarerr' (already loaded).
Package hobsub Info: Skipping package `ltxcmds' (already loaded).
Package: ifluatex 2016/05/16 v1.4 Provides the ifluatex switch (HO)
Package ifluatex Info: LuaTeX not detected.
Package hobsub Info: Skipping package `ifvtex' (already loaded).
Package: intcalc 2016/05/16 v1.2 Expandable calculations with integers (HO)
Package hobsub Info: Skipping package `ifpdf' (already loaded).
Package: etexcmds 2016/05/16 v1.6 Avoid name clashes with e-TeX commands (HO)
Package etexcmds Info: Could not find \expanded.
(etexcmds)             That can mean that you are not using pdfTeX 1.50 or
(etexcmds)             that some package has redefined \expanded.
(etexcmds)             In the latter case, load this package earlier.
Package: kvsetkeys 2016/05/16 v1.17 Key value parser (HO)
Package: kvdefinekeys 2016/05/16 v1.4 Define keys (HO)
Package: pdftexcmds 2016/05/10 v0.21 Utility functions of pdfTeX for LuaTeX (HO
)
Package pdftexcmds Info: LuaTeX not detected.
Package pdftexcmds Info: \pdf@primitive is available.
Package pdftexcmds Info: \pdf@ifprimitive is available.
Package pdftexcmds Info: \pdfdraftmode found.
Package: pdfescape 2016/05/16 v1.14 Implements pdfTeX's escape features (HO)
Package: bigintcalc 2016/05/16 v1.4 Expandable calculations on big integers (HO
)
Package: bitset 2016/05/16 v1.2 Handle bit-vector datatype (HO)
Package: uniquecounter 2016/05/16 v1.3 Provide unlimited unique counter (HO)
)
Package hobsub Info: Skipping package `hobsub' (already loaded).
Package: letltxmacro 2016/05/16 v1.5 Let assignment for LaTeX macros (HO)
Package: hopatch 2016/05/16 v1.3 Wrapper for package hooks (HO)
Package: xcolor-patch 2016/05/16 xcolor patch
Package: atveryend 2016/05/16 v1.9 Hooks at the very end of document (HO)
Package: atbegshi 2016/05/16 v1.17 At begin shipout hook (HO)
Package: refcount 2016/05/16 v3.5 Data extraction from label references (HO)
Package: hycolor 2016/05/16 v1.8 Color options for hyperref/bookmark (HO)
)
(/usr/local/texlive/2016/texmf-dist/tex/latex/oberdiek/auxhook.sty
Package: auxhook 2016/05/16 v1.4 Hooks for auxiliary files (HO)
)
(/usr/local/texlive/2016/texmf-dist/tex/latex/oberdiek/kvoptions.sty
Package: kvoptions 2016/05/16 v3.12 Key value format for package options (HO)
)
\@linkdim=\dimen121
\Hy@linkcounter=\count98
\Hy@pagecounter=\count99

(/usr/local/texlive/2016/texmf-dist/tex/latex/hyperref/pd1enc.def
File: pd1enc.def 2016/05/05 v6.83n Hyperref: PDFDocEncoding definition (HO)
Now handling font encoding PD1 ...
... no UTF-8 mapping file for font encoding PD1
)
\Hy@SavedSpaceFactor=\count100

(/usr/local/texlive/2016/texmf-dist/tex/latex/latexconfig/hyperref.cfg
File: hyperref.cfg 2002/06/06 v1.2 hyperref configuration of TeXLive
)
Package hyperref Info: Hyper figures OFF on input line 4446.
Package hyperref Info: Link nesting OFF on input line 4451.
Package hyperref Info: Hyper index ON on input line 4454.
Package hyperref Info: Plain pages OFF on input line 4461.
Package hyperref Info: Backreferencing OFF on input line 4466.
Package hyperref Info: Implicit mode ON; LaTeX internals redefined.
Package hyperref Info: Bookmarks ON on input line 4691.
\c@Hy@tempcnt=\count101

(/usr/local/texlive/2016/texmf-dist/tex/latex/url/url.sty
\Urlmuskip=\muskip10
Package: url 2013/09/16  ver 3.4  Verb mode for urls, etc.
)
LaTeX Info: Redefining \url on input line 5044.
\XeTeXLinkMargin=\dimen122
\Fld@menulength=\count102
\Field@Width=\dimen123
\Fld@charsize=\dimen124
Package hyperref Info: Hyper figures OFF on input line 6298.
Package hyperref Info: Link nesting OFF on input line 6303.
Package hyperref Info: Hyper index ON on input line 6306.
Package hyperref Info: backreferencing OFF on input line 6313.
Package hyperref Info: Link coloring OFF on input line 6318.
Package hyperref Info: Link coloring with OCG OFF on input line 6323.
Package hyperref Info: PDF/A mode OFF on input line 6328.
LaTeX Info: Redefining \ref on input line 6368.
LaTeX Info: Redefining \pageref on input line 6372.
\Hy@abspage=\count103
\c@Item=\count104
\c@Hfootnote=\count105
)

Package hyperref Message: Driver (autodetected): hpdftex.

(/usr/local/texlive/2016/texmf-dist/tex/latex/hyperref/hpdftex.def
File: hpdftex.def 2016/05/05 v6.83n Hyperref driver for pdfTeX
\Fld@listcount=\count106
\c@bookmark@seq@number=\count107

(/usr/local/texlive/2016/texmf-dist/tex/latex/oberdiek/rerunfilecheck.sty
Package: rerunfilecheck 2016/05/16 v1.8 Rerun checks for auxiliary files (HO)
Package uniquecounter Info: New unique counter `rerunfilecheck' on input line 2
82.
)
\Hy@SectionHShift=\skip45
)
Package hyperref Info: Option `colorlinks' set `true' on input line 23.

(/usr/local/texlive/2016/texmf-dist/tex/latex/amsmath/amsmath.sty
Package: amsmath 2016/03/10 v2.15b AMS math features
\@mathmargin=\skip46

For additional information on amsmath, use the `?' option.
(/usr/local/texlive/2016/texmf-dist/tex/latex/amsmath/amstext.sty
Package: amstext 2000/06/29 v2.01 AMS text

(/usr/local/texlive/2016/texmf-dist/tex/latex/amsmath/amsgen.sty
File: amsgen.sty 1999/11/30 v2.0 generic functions
\@emptytoks=\toks20
\ex@=\dimen125
))
(/usr/local/texlive/2016/texmf-dist/tex/latex/amsmath/amsbsy.sty
Package: amsbsy 1999/11/29 v1.2d Bold Symbols
\pmbraise@=\dimen126
)
(/usr/local/texlive/2016/texmf-dist/tex/latex/amsmath/amsopn.sty
Package: amsopn 2016/03/08 v2.02 operator names
)
\inf@bad=\count108
LaTeX Info: Redefining \frac on input line 199.
\uproot@=\count109
\leftroot@=\count110
LaTeX Info: Redefining \overline on input line 297.
\classnum@=\count111
\DOTSCASE@=\count112
LaTeX Info: Redefining \ldots on input line 394.
LaTeX Info: Redefining \dots on input line 397.
LaTeX Info: Redefining \cdots on input line 518.
\Mathstrutbox@=\box26
\strutbox@=\box27
\big@size=\dimen127
LaTeX Font Info:    Redeclaring font encoding OML on input line 634.
LaTeX Font Info:    Redeclaring font encoding OMS on input line 635.
\macc@depth=\count113
\c@MaxMatrixCols=\count114
\dotsspace@=\muskip11
\c@parentequation=\count115
\dspbrk@lvl=\count116
\tag@help=\toks21
\row@=\count117
\column@=\count118
\maxfields@=\count119
\andhelp@=\toks22
\eqnshift@=\dimen128
\alignsep@=\dimen129
\tagshift@=\dimen130
\tagwidth@=\dimen131
\totwidth@=\dimen132
\lineht@=\dimen133
\@envbody=\toks23
\multlinegap=\skip47
\multlinetaggap=\skip48
\mathdisplay@stack=\toks24
LaTeX Info: Redefining \[ on input line 2739.
LaTeX Info: Redefining \] on input line 2740.
)
(/usr/local/texlive/2016/texmf-dist/tex/latex/amsfonts/amssymb.sty
Package: amssymb 2013/01/14 v3.01 AMS font symbols

(/usr/local/texlive/2016/texmf-dist/tex/latex/amsfonts/amsfonts.sty
Package: amsfonts 2013/01/14 v3.01 Basic AMSFonts support
\symAMSa=\mathgroup4
\symAMSb=\mathgroup5
LaTeX Font Info:    Overwriting math alphabet `\mathfrak' in version `bold'
(Font)                  U/euf/m/n --> U/euf/b/n on input line 106.
))
(/usr/local/texlive/2016/texmf-dist/tex/latex/amscls/amsthm.sty
Package: amsthm 2015/03/04 v2.20.2
\thm@style=\toks25
\thm@bodyfont=\toks26
\thm@headfont=\toks27
\thm@notefont=\toks28
\thm@headpunct=\toks29
\thm@preskip=\skip49
\thm@postskip=\skip50
\thm@headsep=\skip51
\dth@everypar=\toks30
)
\c@thm=\count120
\c@defn=\count121
\c@oss=\count122

(/usr/local/texlive/2016/texmf-dist/tex/latex/listings/listings.sty
\lst@mode=\count123
\lst@gtempboxa=\box28
\lst@token=\toks31
\lst@length=\count124
\lst@currlwidth=\dimen134
\lst@column=\count125
\lst@pos=\count126
\lst@lostspace=\dimen135
\lst@width=\dimen136
\lst@newlines=\count127
\lst@lineno=\count128
\lst@maxwidth=\dimen137

(/usr/local/texlive/2016/texmf-dist/tex/latex/listings/lstmisc.sty
File: lstmisc.sty 2015/06/04 1.6 (Carsten Heinz)
\c@lstnumber=\count129
\lst@skipnumbers=\count130
\lst@framebox=\box29
)
(/usr/local/texlive/2016/texmf-dist/tex/latex/listings/listings.cfg
File: listings.cfg 2015/06/04 1.6 listings configuration
))
Package: listings 2015/06/04 1.6 (Carsten Heinz)

(/usr/local/texlive/2016/texmf-dist/tex/latex/listings/lstlang1.sty
File: lstlang1.sty 2015/06/04 1.6 listings language file
)
(./db_notes.aux (./01ModelloRelazionale.aux) (./02AlgebraRelazionale.aux)
(./03CalcoloRelazionale.aux) (./04Normalizzazione.aux)
(./05ArchitetturaDBMS.aux) (./06SQL.aux) (./07InterrogazioniBase.aux)
(./08Join.aux) (./09Aggregati.aux) (./10OperatoriInsiemistici.aux)
(./11QueryNidificate.aux) (./12ModificaDati.aux)
(./13MetodologieModelliProgetto.aux) (./14ProgettazioneConcettuale.aux)
(./15ProgettazioneLogica.aux))
\openout1 = `db_notes.aux'.

LaTeX Font Info:    Checking defaults for OML/cmm/m/it on input line 79.
LaTeX Font Info:    ... okay on input line 79.
LaTeX Font Info:    Checking defaults for T1/cmr/m/n on input line 79.
LaTeX Font Info:    ... okay on input line 79.
LaTeX Font Info:    Checking defaults for OT1/cmr/m/n on input line 79.
LaTeX Font Info:    ... okay on input line 79.
LaTeX Font Info:    Checking defaults for OMS/cmsy/m/n on input line 79.
LaTeX Font Info:    ... okay on input line 79.
LaTeX Font Info:    Checking defaults for OMX/cmex/m/n on input line 79.
LaTeX Font Info:    ... okay on input line 79.
LaTeX Font Info:    Checking defaults for U/cmr/m/n on input line 79.
LaTeX Font Info:    ... okay on input line 79.
LaTeX Font Info:    Checking defaults for PD1/pdf/m/n on input line 79.
LaTeX Font Info:    ... okay on input line 79.
LaTeX Info: Redefining \it@ocap on input line 79.
LaTeX Info: Redefining \it@ccap on input line 79.


File italian.ldf warning: 
italian.ldf    With OT1 encoding guillemets are poorly faked
italian.ldf    Use T1 encoding
italian.ldf    or specify a font with command \CaporaliFrom
italian.ldf    See the documentation concerning the babel-italian typesetting 
italian.ldf    on input line 79.

*geometry* driver: auto-detecting
*geometry* detected driver: pdftex
*geometry* verbose mode - [ preamble ] result:
* driver: pdftex
* paper: <default>
* layout: <same size as paper>
* layoutoffset:(h,v)=(0.0pt,0.0pt)
* modes: 
* h-part:(L,W,R)=(90.3375pt, 433.62001pt, 90.3375pt)
* v-part:(T,H,B)=(72.26999pt, 632.3625pt, 90.3375pt)
* \paperwidth=614.295pt
* \paperheight=794.96999pt
* \textwidth=433.62001pt
* \textheight=632.3625pt
* \oddsidemargin=18.0675pt
* \evensidemargin=18.0675pt
* \topmargin=-31.8738pt
* \headheight=12.0pt
* \headsep=19.8738pt
* \topskip=12.0pt
* \footskip=30.0pt
* \marginparwidth=47.0pt
* \marginparsep=7.0pt
* \columnsep=10.0pt
* \skip\footins=10.8pt plus 4.0pt minus 2.0pt
* \hoffset=0.0pt
* \voffset=0.0pt
* \mag=1000
* \@twocolumnfalse
* \@twosidefalse
* \@mparswitchfalse
* \@reversemarginfalse
* (1in=72.27pt=25.4mm, 1cm=28.453pt)

(/usr/local/texlive/2016/texmf-dist/tex/context/base/mkii/supp-pdf.mkii
[Loading MPS to PDF converter (version 2006.09.02).]
\scratchcounter=\count131
\scratchdimen=\dimen138
\scratchbox=\box30
\nofMPsegments=\count132
\nofMParguments=\count133
\everyMPshowfont=\toks32
\MPscratchCnt=\count134
\MPscratchDim=\dimen139
\MPnumerator=\count135
\makeMPintoPDFobject=\count136
\everyMPtoPDFconversion=\toks33
) (/usr/local/texlive/2016/texmf-dist/tex/latex/oberdiek/epstopdf-base.sty
Package: epstopdf-base 2016/05/15 v2.6 Base part for package epstopdf

(/usr/local/texlive/2016/texmf-dist/tex/latex/oberdiek/grfext.sty
Package: grfext 2016/05/16 v1.2 Manage graphics extensions (HO)
)
Package grfext Info: Graphics extension search list:
(grfext)             [.png,.pdf,.jpg,.mps,.jpeg,.jbig2,.jb2,.PNG,.PDF,.JPG,.JPE
G,.JBIG2,.JB2,.eps]
(grfext)             \AppendGraphicsExtensions on input line 456.

(/usr/local/texlive/2016/texmf-dist/tex/latex/latexconfig/epstopdf-sys.cfg
File: epstopdf-sys.cfg 2010/07/13 v1.3 Configuration of (r)epstopdf for TeX Liv
e
))
\AtBeginShipoutBox=\box31
Package hyperref Info: Link coloring ON on input line 79.

(/usr/local/texlive/2016/texmf-dist/tex/latex/hyperref/nameref.sty
Package: nameref 2012/10/27 v2.43 Cross-referencing by name of section

(/usr/local/texlive/2016/texmf-dist/tex/generic/oberdiek/gettitlestring.sty
Package: gettitlestring 2016/05/16 v1.5 Cleanup title references (HO)
)
\c@section@level=\count137
)
LaTeX Info: Redefining \ref on input line 79.
LaTeX Info: Redefining \pageref on input line 79.
LaTeX Info: Redefining \nameref on input line 79.

(./db_notes.out) (./db_notes.out)
\@outlinefile=\write3
\openout3 = `db_notes.out'.

\c@lstlisting=\count138
LaTeX Font Info:    Try loading font information for U+msa on input line 82.

(/usr/local/texlive/2016/texmf-dist/tex/latex/amsfonts/umsa.fd
File: umsa.fd 2013/01/14 v3.01 AMS symbols A
)
LaTeX Font Info:    Try loading font information for U+msb on input line 82.

(/usr/local/texlive/2016/texmf-dist/tex/latex/amsfonts/umsb.fd
File: umsb.fd 2013/01/14 v3.01 AMS symbols B
) [1


{/usr/local/texlive/2016/texmf-var/fonts/map/pdftex/updmap/pdftex.map}] (./db_n
otes.tocpdfTeX warning (ext4): destination with the same identifier (name{page.
1}) has been already used, duplicate ignored
<to be read again> 
                   \relax 
l.37 ...dicato di selezione}{17}{subsection.2.1.1}
                                                   [1

] [2] [3] [4])
\tf@toc=\write4
\openout4 = `db_notes.toc'.

 [5]
[6] [7

]
\openout2 = `01ModelloRelazionale.aux'.

 (./01ModelloRelazionale.tex
Capitolo 1.
LaTeX Font Info:    Try loading font information for OMS+cmss on input line 12.

LaTeX Font Info:    No file OMScmss.fd. on input line 12.

LaTeX Font Warning: Font shape `OMS/cmss/m/n' undefined
(Font)              using `OMS/cmsy/m/n' instead
(Font)              for symbol `textbullet' on input line 12.


Underfull \hbox (badness 10000) in paragraph at lines 21--23

 []

[8


]
Underfull \hbox (badness 10000) in paragraph at lines 59--61

 []


Underfull \hbox (badness 10000) in paragraph at lines 69--72

 []

[9]
Underfull \hbox (badness 10000) in paragraph at lines 78--80

 []

<01/img01.png, id=1025, 674.52pt x 222.8325pt>
File: 01/img01.png Graphic file (type png)
 <use 01/img01.png>
Package pdftex.def Info: 01/img01.png used on input line 102.
(pdftex.def)             Requested size: 337.25917pt x 111.41597pt.
 [10 <./01/img01.png>]
Underfull \hbox (badness 10000) in paragraph at lines 150--154

 []

[11]
Underfull \hbox (badness 10000) in paragraph at lines 190--194

 []


Overfull \hbox (7.56184pt too wide) in paragraph at lines 190--194
\OT1/cmss/m/n/12 Le chia-vi re-la-zio-na-li pos-so-no es-se-re com-po-ste da pi
^^Ru va-lo-ri, co-me nel-la ta-bel-la $\OML/cmm/m/it/12 RICOVERI$\OT1/cmss/m/n/
12 . 
 []


Underfull \hbox (badness 10000) in paragraph at lines 190--194

 []


Underfull \hbox (badness 10000) in paragraph at lines 190--194

 []

[12]
Underfull \hbox (badness 10000) in paragraph at lines 196--198

 []


Underfull \hbox (badness 10000) in paragraph at lines 210--212

 []


Underfull \hbox (badness 10000) in paragraph at lines 218--220

 []

[13]
Underfull \hbox (badness 10000) in paragraph at lines 240--242

 []


Underfull \hbox (badness 10000) in paragraph at lines 251--253

 []

[14])
Underfull \hbox (badness 10000) in paragraph at lines 265--85

 []


Underfull \hbox (badness 10000) in paragraph at lines 265--85

 []

[15]
\openout2 = `02AlgebraRelazionale.aux'.

 (./02AlgebraRelazionale.tex
Capitolo 2.

Underfull \hbox (badness 10000) in paragraph at lines 3--10

 []


Underfull \hbox (badness 10000) in paragraph at lines 3--10

 []


Underfull \hbox (badness 10000) in paragraph at lines 3--10

 []

[16



] [17] [18]
Underfull \hbox (badness 10000) in paragraph at lines 140--142

 []


Overfull \hbox (22.89346pt too wide) in paragraph at lines 144--146
\OT1/cmss/m/n/12 diventa sin-tat-ti-ca-men-te scor-ret-ta perch^^Se la re-la-zi
o-ne vir-tua-le pro-dot-ta da $\OT1/cmr/m/n/12 ^^E[](\OML/cmm/m/it/12 pazienti\
OT1/cmr/m/n/12 )$
 []


Underfull \hbox (badness 10000) in paragraph at lines 148--150

 []

[19]
Underfull \hbox (badness 10000) in paragraph at lines 199--202

 []

[20]
Underfull \hbox (badness 10000) in paragraph at lines 238--240

 []

[21] [22]

Package hyperref Warning: Token not allowed in a PDF string (PDFDocEncoding):
(hyperref)                removing `math shift' on input line 351.


Package hyperref Warning: Token not allowed in a PDF string (PDFDocEncoding):
(hyperref)                removing `\mathrel' on input line 351.


Package hyperref Warning: Token not allowed in a PDF string (PDFDocEncoding):
(hyperref)                removing `\triangleright' on input line 351.


Package hyperref Warning: Token not allowed in a PDF string (PDFDocEncoding):
(hyperref)                removing `\mathrel' on input line 351.


Package hyperref Warning: Token not allowed in a PDF string (PDFDocEncoding):
(hyperref)                removing `\mkern' on input line 351.


Package hyperref Warning: Token not allowed in a PDF string (PDFDocEncoding):
(hyperref)                removing `\mathrel' on input line 351.


Package hyperref Warning: Token not allowed in a PDF string (PDFDocEncoding):
(hyperref)                removing `\triangleleft' on input line 351.


Package hyperref Warning: Token not allowed in a PDF string (PDFDocEncoding):
(hyperref)                removing `subscript' on input line 351.


Package hyperref Warning: Token not allowed in a PDF string (PDFDocEncoding):
(hyperref)                removing `\theta' on input line 351.


Package hyperref Warning: Token not allowed in a PDF string (PDFDocEncoding):
(hyperref)                removing `math shift' on input line 351.


Underfull \hbox (badness 10000) in paragraph at lines 352--354

 []

[23]
Underfull \hbox (badness 10000) in paragraph at lines 369--373

 []


Package hyperref Warning: Token not allowed in a PDF string (PDFDocEncoding):
(hyperref)                removing `math shift' on input line 389.


Package hyperref Warning: Token not allowed in a PDF string (PDFDocEncoding):
(hyperref)                removing `\mathrel' on input line 389.


Package hyperref Warning: Token not allowed in a PDF string (PDFDocEncoding):
(hyperref)                removing `\triangleright' on input line 389.


Package hyperref Warning: Token not allowed in a PDF string (PDFDocEncoding):
(hyperref)                removing `\mathrel' on input line 389.


Package hyperref Warning: Token not allowed in a PDF string (PDFDocEncoding):
(hyperref)                removing `\mkern' on input line 389.


Package hyperref Warning: Token not allowed in a PDF string (PDFDocEncoding):
(hyperref)                removing `\mathrel' on input line 389.


Package hyperref Warning: Token not allowed in a PDF string (PDFDocEncoding):
(hyperref)                removing `\triangleleft' on input line 389.


Package hyperref Warning: Token not allowed in a PDF string (PDFDocEncoding):
(hyperref)                removing `subscript' on input line 389.


Package hyperref Warning: Token not allowed in a PDF string (PDFDocEncoding):
(hyperref)                removing `\theta' on input line 389.


Package hyperref Warning: Token not allowed in a PDF string (PDFDocEncoding):
(hyperref)                removing `math shift' on input line 389.


Underfull \hbox (badness 10000) in paragraph at lines 401--403

 []

[24]
Underfull \hbox (badness 10000) in paragraph at lines 410--411

 []


Underfull \hbox (badness 10000) in paragraph at lines 410--411

 []


Underfull \hbox (badness 10000) in paragraph at lines 440--443

 []

[25]
Underfull \hbox (badness 10000) in paragraph at lines 450--454

 []


LaTeX Font Warning: Font shape `OT1/cmss/m/it' in size <12> not available
(Font)              Font shape `OT1/cmss/m/sl' tried instead on input line 460.



Underfull \hbox (badness 10000) in paragraph at lines 458--461

 []

[26] [27]
Capitolo 3.

Underfull \hbox (badness 10000) in paragraph at lines 519--522

 []


Underfull \hbox (badness 10000) in paragraph at lines 519--522

 []

[28

]
Underfull \hbox (badness 10000) in paragraph at lines 550--555

 []

[29]
Underfull \hbox (badness 10000) in paragraph at lines 577--579

 []


Underfull \hbox (badness 10000) in paragraph at lines 613--615

 []

[30]
Underfull \hbox (badness 10000) in paragraph at lines 624--627

 []


Underfull \hbox (badness 10000) in paragraph at lines 632--636

 []


Overfull \hbox (3.81497pt too wide) in paragraph at lines 638--640
\OT1/cmss/m/n/12 Codd pro-po-ne di col-lo-car-si in una lo-gi-ca a tre va-lo-ri
: $\OML/cmm/m/it/12 Falso\OT1/cmr/m/n/12 (\OML/cmm/m/it/12 F\OT1/cmr/m/n/12 )\O
ML/cmm/m/it/12 ; Vero\OT1/cmr/m/n/12 (\OML/cmm/m/it/12 V\OT1/cmr/m/n/12 )\OML/c
mm/m/it/12 ; Sconosciuto\OT1/cmr/m/n/12 (\OML/cmm/m/it/12 U\OT1/cmr/m/n/12 )$\O
T1/cmss/m/n/12 . 
 []

[31]
Underfull \hbox (badness 10000) in paragraph at lines 669--672

 []


Underfull \hbox (badness 10000) in paragraph at lines 678--681

 []

[32]
Overfull \hbox (18.58058pt too wide) in paragraph at lines 723--724
\OT1/cmss/m/n/12 Ipotizziamo che $\OML/cmm/m/it/12 pazienti$ \OT1/cmss/m/n/12 a
m-met-ta va-lo-re nul-lo in cor-ri-spon-den-za del-l'at-tri-bu-to $\OML/cmm/m/i
t/12 AnnoNascita$\OT1/cmss/m/n/12 ,
 []

[33]

Package hyperref Warning: Token not allowed in a PDF string (PDFDocEncoding):
(hyperref)                removing `math shift' on input line 759.


Package hyperref Warning: Token not allowed in a PDF string (PDFDocEncoding):
(hyperref)                removing `\theta' on input line 759.


Package hyperref Warning: Token not allowed in a PDF string (PDFDocEncoding):
(hyperref)                removing `math shift' on input line 759.


Package hyperref Warning: Token not allowed in a PDF string (PDFDocEncoding):
(hyperref)                removing `math shift' on input line 782.


Package hyperref Warning: Token not allowed in a PDF string (PDFDocEncoding):
(hyperref)                removing `\theta' on input line 782.


Package hyperref Warning: Token not allowed in a PDF string (PDFDocEncoding):
(hyperref)                removing `math shift' on input line 782.

[34]
Underfull \hbox (badness 10000) in paragraph at lines 813--818

 []


Underfull \hbox (badness 10000) in paragraph at lines 813--818

 []


Underfull \hbox (badness 10000) in paragraph at lines 837--840

 []

[35] [36]) [37]
\openout2 = `03CalcoloRelazionale.aux'.

 (./03CalcoloRelazionale.tex
Capitolo 4.
[38



]
Underfull \hbox (badness 10000) in paragraph at lines 53--56

 []

[39] [40] [41]) [42]
\openout2 = `04Normalizzazione.aux'.

 (./04Normalizzazione.tex
Capitolo 5.

Overfull \hbox (8.9834pt too wide) in paragraph at lines 4--6
\OT1/cmss/m/n/12 Consideriamo una re-la-zio-ne $\OT1/cmr/m/n/12 (\OML/cmm/m/it/
12 Impiegato; Stipendio; Progetto; Bilancio; Funzione\OT1/cmr/m/n/12 )$\OT1/cms
s/m/n/12 , aven-
 []

[43



]
Underfull \hbox (badness 10000) in paragraph at lines 30--34

 []


Underfull \hbox (badness 10000) in paragraph at lines 30--34

 []

[44]
Underfull \hbox (badness 10000) in paragraph at lines 68--71

 []

[45]
Underfull \hbox (badness 10000) in paragraph at lines 99--103

 []


Underfull \hbox (badness 10000) in paragraph at lines 99--103

 []


Underfull \hbox (badness 10000) in paragraph at lines 105--108

 []

[46]
Underfull \hbox (badness 10000) in paragraph at lines 111--119

 []


Underfull \hbox (badness 10000) in paragraph at lines 111--119

 []


Underfull \hbox (badness 10000) in paragraph at lines 111--119

 []

[47] [48]
Underfull \hbox (badness 10000) in paragraph at lines 151--153

 []


Underfull \hbox (badness 10000) in paragraph at lines 155--160

 []

[49]
Underfull \hbox (badness 10000) in paragraph at lines 170--175

 []

[50]
Underfull \hbox (badness 10000) in paragraph at lines 203--206

 []

[51] [52]) [53]
\openout2 = `05ArchitetturaDBMS.aux'.

 (./05ArchitetturaDBMS.tex
Capitolo 6.
<05/img01.png, id=1420, 693.59125pt x 411.5375pt>
File: 05/img01.png Graphic file (type png)
 <use 05/img01.png>
Package pdftex.def Info: 05/img01.png used on input line 21.
(pdftex.def)             Requested size: 312.11317pt x 185.19016pt.


LaTeX Warning: `!h' float specifier changed to `!ht'.


Underfull \hbox (badness 10000) in paragraph at lines 26--32

 []


Underfull \hbox (badness 10000) in paragraph at lines 26--32

 []


Underfull \hbox (badness 10000) in paragraph at lines 26--32

 []


Underfull \hbox (badness 10000) in paragraph at lines 26--32

 []

[54



] [55 <./05/img01.png>]
Underfull \hbox (badness 10000) in paragraph at lines 57--61

 []


Underfull \hbox (badness 10000) in paragraph at lines 63--67

 []


Underfull \hbox (badness 10000) in paragraph at lines 63--67

 []

[56]) [57] [58


]
\openout2 = `06SQL.aux'.

 (./06SQL.tex
Capitolo 7.

Underfull \hbox (badness 10000) in paragraph at lines 3--7

 []


Underfull \hbox (badness 10000) in paragraph at lines 3--7

 []


Underfull \hbox (badness 10000) in paragraph at lines 9--12

 []

[59


]
Underfull \hbox (badness 10000) in paragraph at lines 27--29

 []


Underfull \hbox (badness 10000) in paragraph at lines 50--52

 []

[60] [61] [62]
Underfull \hbox (badness 10000) in paragraph at lines 121--123

 []

LaTeX Font Info:    Try loading font information for OML+cmss on input line 126
.
LaTeX Font Info:    No file OMLcmss.fd. on input line 126.

LaTeX Font Warning: Font shape `OML/cmss/m/n' undefined
(Font)              using `OML/cmm/m/it' instead
(Font)              for symbol `textgreater' on input line 126.


Underfull \hbox (badness 10000) in paragraph at lines 134--136

 []

[63]
Underfull \hbox (badness 10000) in paragraph at lines 161--163

 []


Underfull \hbox (badness 10000) in paragraph at lines 182--184

 []

[64] [65] [66] [67]
Underfull \hbox (badness 10000) in paragraph at lines 277--280

 []


Underfull \hbox (badness 10000) in paragraph at lines 286--291

 []


Underfull \hbox (badness 10000) in paragraph at lines 286--291

 []

[68] [69]) [70]
\openout2 = `07InterrogazioniBase.aux'.

 (./07InterrogazioniBase.tex
Capitolo 8.
[71



]
LaTeX Font Info:    Font shape `OT1/cmtt/bx/n' in size <17.28> not available
(Font)              Font shape `OT1/cmtt/m/n' tried instead on input line 38.

Underfull \hbox (badness 10000) in paragraph at lines 39--42

 []

[72] [73]
Underfull \hbox (badness 10000) in paragraph at lines 121--127

 []


Underfull \hbox (badness 10000) in paragraph at lines 121--127

 []

[74]
Overfull \hbox (0.36755pt too wide) in paragraph at lines 151--153
\OT1/cmss/m/n/12 Estrarre i no-mi e i co-gno-mi de-gli im-pie-ga-ti che la-vo-r
a-no al di-par-ti-men-to $\OML/cmss/m/n/12 Amministrazione$
 []

[75] [76]
Underfull \hbox (badness 10000) in paragraph at lines 203--207

 []


Underfull \hbox (badness 10000) in paragraph at lines 216--221

 []


Underfull \hbox (badness 10000) in paragraph at lines 216--221

 []


Overfull \hbox (1.45206pt too wide) in paragraph at lines 216--221
\OT1/cmss/m/n/12 La sin-tas-si pre-ve-de che si pos-sa an-che spe-ci-fi-ca-re l
a pa-ro-la chia-ve \OT1/cmtt/m/n/12 all \OT1/cmss/m/n/12 al po-sto di \OT1/cmtt
/m/n/12 distinct\OT1/cmss/m/n/12 ,
 []

[77]
Underfull \hbox (badness 10000) in paragraph at lines 257--261

 []

[78] [79]
Overfull \hbox (60.38023pt too wide) detected at line 291
[]
 []

) [80]
\openout2 = `08Join.aux'.

 (./08Join.tex
Capitolo 9.

Underfull \hbox (badness 10000) in paragraph at lines 14--23

 []


Underfull \hbox (badness 10000) in paragraph at lines 14--23

 []


Underfull \hbox (badness 10000) in paragraph at lines 14--23

 []


Underfull \hbox (badness 10000) in paragraph at lines 14--23

 []

[81



] [82] [83]) [84]
\openout2 = `09Aggregati.aux'.

 (./09Aggregati.tex
Capitolo 10.

Underfull \hbox (badness 10000) in paragraph at lines 7--11

 []

LaTeX Font Info:    Font shape `OT1/cmtt/bx/n' in size <14.4> not available
(Font)              Font shape `OT1/cmtt/m/n' tried instead on input line 13.

Overfull \hbox (8.27344pt too wide) in paragraph at lines 15--20
\OT1/cmss/m/n/12 L'opzione \OT1/cmtt/m/n/12 distinct \OT1/cmss/m/n/12 re-sti-tu
i-sce il nu-me-ro di di-ver-si va-lo-ri de-gli at-tri-bu-ti in \OT1/cmtt/m/n/12
 ListaAttributi\OT1/cmss/m/n/12 . 
 []

[85



]
Overfull \hbox (16.65025pt too wide) in paragraph at lines 42--44
\OT1/cmss/m/n/12 Estrarre il nu-me-ro di di-ver-si va-lo-ri del-l'at-tri-bu-to 
$\OML/cmss/m/n/12 Stipendio$ \OT1/cmss/m/n/12 fra tut-te le ri-ghe di $\OML/cms
s/m/n/12 IMPIEGATO$ 
 []

[86] [87]
Underfull \hbox (badness 10000) in paragraph at lines 97--103

 []


Underfull \hbox (badness 10000) in paragraph at lines 97--103

 []

[88]
Underfull \hbox (badness 10000) in paragraph at lines 142--151

 []


Underfull \hbox (badness 10000) in paragraph at lines 142--151

 []


Underfull \hbox (badness 10000) in paragraph at lines 142--151

 []


Underfull \hbox (badness 10000) in paragraph at lines 142--151

 []

[89] [90]) [91]
\openout2 = `10OperatoriInsiemistici.aux'.

 (./10OperatoriInsiemistici.tex
Capitolo 11.

Underfull \hbox (badness 10000) in paragraph at lines 3--7

 []


Underfull \hbox (badness 10000) in paragraph at lines 3--7

 []


Underfull \hbox (badness 10000) in paragraph at lines 12--14

 []

[92



] [93] [94]) [95]
\openout2 = `11QueryNidificate.aux'.

 (./11QueryNidificate.tex
Capitolo 12.

Underfull \hbox (badness 10000) in paragraph at lines 2--11

 []


Underfull \hbox (badness 10000) in paragraph at lines 2--11

 []

[96



]
Overfull \hbox (13.47826pt too wide) in paragraph at lines 36--38
\OT1/cmss/m/n/12 Estrarre gli im-pie-ga-ti che han-no lo stes-so no-me di un im
-pie-ga-to del di-par-ti-men-to $\OML/cmss/m/n/12 Produzione$\OT1/cmss/m/n/12 .
 
 []

[97] [98]
Underfull \hbox (badness 10000) in paragraph at lines 111--121

 []


Underfull \hbox (badness 10000) in paragraph at lines 111--121

 []


Underfull \hbox (badness 10000) in paragraph at lines 111--121

 []


Underfull \hbox (badness 10000) in paragraph at lines 111--121

 []

[99] [100] [101]) [102]
\openout2 = `12ModificaDati.aux'.

 (./12ModificaDati.tex
Capitolo 13.

Underfull \hbox (badness 10000) in paragraph at lines 17--22

 []


Underfull \hbox (badness 10000) in paragraph at lines 17--22

 []

[103



] [104])
Underfull \hbox (badness 10000) in paragraph at lines 66--98

 []

[105] [106] [107


]
\openout2 = `13MetodologieModelliProgetto.aux'.

 (./13MetodologieModelliProgetto.tex
Capitolo 14.

Underfull \hbox (badness 10000) in paragraph at lines 8--10

 []

[108


]
Underfull \hbox (badness 10000) in paragraph at lines 26--32

 []


Underfull \hbox (badness 10000) in paragraph at lines 26--32

 []

[109] [110]
Underfull \hbox (badness 10000) in paragraph at lines 62--74

 []


Underfull \hbox (badness 10000) in paragraph at lines 62--74

 []


Underfull \hbox (badness 10000) in paragraph at lines 62--74

 []


Underfull \hbox (badness 10000) in paragraph at lines 62--74

 []

<13/img0.png, id=2365, 195.73125pt x 135.50626pt>
File: 13/img0.png Graphic file (type png)
 <use 13/img0.png>
Package pdftex.def Info: 13/img0.png used on input line 84.
(pdftex.def)             Requested size: 78.2911pt x 54.20152pt.

<13/img1.png, id=2366, 184.69pt x 127.47626pt>
File: 13/img1.png Graphic file (type png)
 <use 13/img1.png>
Package pdftex.def Info: 13/img1.png used on input line 85.
(pdftex.def)             Requested size: 73.87468pt x 50.9896pt.

<13/img2.png, id=2367, 225.84375pt x 61.22874pt>
File: 13/img2.png Graphic file (type png)
 <use 13/img2.png>
Package pdftex.def Info: 13/img2.png used on input line 86.
(pdftex.def)             Requested size: 90.33589pt x 24.49104pt.

<13/img3.png, id=2368, 403.5075pt x 156.585pt>
File: 13/img3.png Graphic file (type png)
 <use 13/img3.png>
Package pdftex.def Info: 13/img3.png used on input line 87.
(pdftex.def)             Requested size: 161.40013pt x 62.63287pt.

<13/img4.png, id=2369, 440.64626pt x 162.6075pt>
File: 13/img4.png Graphic file (type png)
 <use 13/img4.png>
Package pdftex.def Info: 13/img4.png used on input line 88.
(pdftex.def)             Requested size: 176.25537pt x 65.04184pt.

<13/img5.png, id=2370, 213.79875pt x 82.3075pt>
File: 13/img5.png Graphic file (type png)
 <use 13/img5.png>
Package pdftex.def Info: 13/img5.png used on input line 89.
(pdftex.def)             Requested size: 85.51797pt x 32.92241pt.

<13/img6.png, id=2371, 554.07pt x 182.6825pt>
File: 13/img6.png Graphic file (type png)
 <use 13/img6.png>
Package pdftex.def Info: 13/img6.png used on input line 90.
(pdftex.def)             Requested size: 221.62407pt x 73.07169pt.

<13/img7.png, id=2372, 703.62875pt x 134.5025pt>
File: 13/img7.png Graphic file (type png)
 <use 13/img7.png>
Package pdftex.def Info: 13/img7.png used on input line 91.
(pdftex.def)             Requested size: 281.4465pt x 53.80003pt.

<13/img8.png, id=2373, 490.83376pt x 269.005pt>
File: 13/img8.png Graphic file (type png)
 <use 13/img8.png>
Package pdftex.def Info: 13/img8.png used on input line 92.
(pdftex.def)             Requested size: 196.33002pt x 107.60008pt.

Underfull \hbox (badness 10000) in paragraph at lines 78--95

 []

[111]
Underfull \hbox (badness 10000) in paragraph at lines 97--117

 []


Underfull \hbox (badness 10000) in paragraph at lines 97--117

 []


Underfull \hbox (badness 10000) in paragraph at lines 97--117

 []

[112] [113 <./13/img0.png> <./13/img1.png> <./13/img2.png> <./13/img3.png> <./1
3/img4.png> <./13/img5.png> <./13/img6.png> <./13/img7.png> <./13/img8.png>]
[114]
Underfull \hbox (badness 10000) in paragraph at lines 127--135

 []


Underfull \hbox (badness 10000) in paragraph at lines 127--135

 []


Overfull \hbox (13.07571pt too wide) in paragraph at lines 136--138
\OT1/cmss/bx/n/12 E.G.: \OT1/cmss/m/n/12 un iden-ti-fi-ca-to-re in-ter-no per l
'en-tit^^Ra \OT1/cmtt/m/n/12 AUTOMOBILE \OT1/cmss/m/n/12 con at-tri-bu-ti \OT1/
cmtt/m/n/12 Targa, Colore,
 []

[115] [116]
Overfull \hbox (40.24005pt too wide) in paragraph at lines 168--171
\OT1/cmss/bx/n/12 E.G.\OT1/cmss/m/n/12 : nel ca-so de-gli stu-den-ti e dei la-v
o-ra-to-ri ^^Re suf-fi-cien-te ag-giun-ge-re l'en-tit^^Ra \OT1/cmtt/m/n/12 STUD
ENTELAVORATORE
 []


Underfull \hbox (badness 10000) in paragraph at lines 175--177

 []

[117]
Underfull \hbox (badness 10000) in paragraph at lines 200--203

 []

[118]
Underfull \hbox (badness 10000) in paragraph at lines 208--212

 []


Underfull \hbox (badness 10000) in paragraph at lines 214--218

 []

)
Underfull \hbox (badness 10000) in paragraph at lines 224--101

 []


Underfull \hbox (badness 10000) in paragraph at lines 224--101

 []


Underfull \hbox (badness 10000) in paragraph at lines 224--101

 []

[119] [120]
\openout2 = `14ProgettazioneConcettuale.aux'.

 (./14ProgettazioneConcettuale.tex
Capitolo 15.

Underfull \hbox (badness 10000) in paragraph at lines 6--10

 []


Underfull \hbox (badness 10000) in paragraph at lines 22--25

 []

[121



] [122] [123]) [124]
\openout2 = `15ProgettazioneLogica.aux'.

 (./15ProgettazioneLogica.tex
Capitolo 16.

Underfull \hbox (badness 10000) in paragraph at lines 15--21

 []

[125



]
Underfull \hbox (badness 10000) in paragraph at lines 45--82

 []


Underfull \hbox (badness 10000) in paragraph at lines 45--82

 []


Underfull \hbox (badness 10000) in paragraph at lines 45--82

 []

[126] [127] [128] <15/img0.png, id=2481, 735.74875pt x 350.30875pt>
File: 15/img0.png Graphic file (type png)

<use 15/img0.png>
Package pdftex.def Info: 15/img0.png used on input line 109.
(pdftex.def)             Requested size: 441.45265pt x 210.18686pt.

Overfull \hbox (7.83264pt too wide) in paragraph at lines 109--110
 [][] 
 []


Underfull \hbox (badness 10000) in paragraph at lines 106--113

 []

<15/img1.png, id=2482, 630.355pt x 290.08376pt>
File: 15/img1.png Graphic file (type png)
 <use 15/img1.png>
Package pdftex.def Info: 15/img1.png used on input line 119.
(pdftex.def)             Requested size: 378.21591pt x 174.05159pt.

Underfull \hbox (badness 10000) in paragraph at lines 114--122

 []


Underfull \hbox (badness 10000) in paragraph at lines 114--122

 []

[129 <./15/img0.png>] <15/img2.png, id=2489, 809.0225pt x 386.44376pt>
File: 15/img2.png Graphic file (type png)

<use 15/img2.png>
Package pdftex.def Info: 15/img2.png used on input line 127.
(pdftex.def)             Requested size: 404.51027pt x 193.2214pt.

Underfull \hbox (badness 10000) in paragraph at lines 122--130

 []


Underfull \hbox (badness 10000) in paragraph at lines 122--130

 []


LaTeX Warning: `!h' float specifier changed to `!ht'.

<15/img3.png, id=2490, 647.41875pt x 481.8pt>
File: 15/img3.png Graphic file (type png)
 <use 15/img3.png>
Package pdftex.def Info: 15/img3.png used on input line 135.
(pdftex.def)             Requested size: 388.45424pt x 289.08221pt.

Underfull \hbox (badness 10000) in paragraph at lines 130--138

 []


Underfull \hbox (badness 10000) in paragraph at lines 130--138

 []


LaTeX Warning: `!h' float specifier changed to `!ht'.

[130 <./15/img1.png>] [131 <./15/img2.png> <./15/img3.png>]
Underfull \hbox (badness 10000) in paragraph at lines 155--157

 []

[132] <15/img4.png, id=2516, 711.65875pt x 339.2675pt>
File: 15/img4.png Graphic file (type png)
 <use 15/img4.png>
Package pdftex.def Info: 15/img4.png used on input line 171.
(pdftex.def)             Requested size: 426.99855pt x 203.56206pt.

Underfull \hbox (badness 10000) in paragraph at lines 167--174

 []


Underfull \hbox (badness 10000) in paragraph at lines 167--174

 []

[133 <./15/img4.png>]
Underfull \hbox (badness 10000) in paragraph at lines 185--189

 []

[134] <15/img5.png, id=2532, 722.7pt x 163.61125pt>
File: 15/img5.png Graphic file (type png)
 <use 15/img5.png>
Package pdftex.def Info: 15/img5.png used on input line 208.
(pdftex.def)             Requested size: 361.3491pt x 81.80542pt.

Underfull \hbox (badness 10000) in paragraph at lines 205--212

 []


LaTeX Warning: `!h' float specifier changed to `!ht'.

[135] <15/img6.png, id=2537, 415.5525pt x 262.9825pt>
File: 15/img6.png Graphic file (type png)
 <use 15/img6.png>
Package pdftex.def Info: 15/img6.png used on input line 227.
(pdftex.def)             Requested size: 207.77574pt x 131.49092pt.

Overfull \hbox (10.72836pt too wide) in paragraph at lines 222--231
\OT1/cmss/m/n/12 Per lo sche-ma ot-te-nu-to esi-sto-no due vin-co-li d'in-te-gr
it^^Ra re-fe-ren-zia-le tra gli at-tri-bu-ti $\OML/cmss/m/n/12 Matricola$
 []


Underfull \hbox (badness 10000) in paragraph at lines 222--231

 []


Underfull \hbox (badness 10000) in paragraph at lines 222--231

 []

<15/img7.png, id=2538, 698.61pt x 328.22626pt>
File: 15/img7.png Graphic file (type png)
 <use 15/img7.png>
Package pdftex.def Info: 15/img7.png used on input line 241.
(pdftex.def)             Requested size: 349.30414pt x 164.11272pt.

Underfull \hbox (badness 10000) in paragraph at lines 234--245

 []


Underfull \hbox (badness 10000) in paragraph at lines 234--245

 []

[136 <./15/img5.png> <./15/img6.png>]
Underfull \hbox (badness 10000) in paragraph at lines 250--255

 []

[137 <./15/img7.png>] <15/img8.png, id=2556, 721.69624pt x 154.5775pt>
File: 15/img8.png Graphic file (type png)

<use 15/img8.png>
Package pdftex.def Info: 15/img8.png used on input line 260.
(pdftex.def)             Requested size: 360.84724pt x 77.28854pt.

Underfull \hbox (badness 10000) in paragraph at lines 257--264

 []

<15/img8b.png, id=2557, 697.60625pt x 318.18875pt>
File: 15/img8b.png Graphic file (type png)
 <use 15/img8b.png>
Package pdftex.def Info: 15/img8b.png used on input line 281.
(pdftex.def)             Requested size: 348.80226pt x 159.09398pt.

Overfull \hbox (28.05353pt too wide) in paragraph at lines 274--285
\OML/cmss/m/n/12 NomeSquadra$ \OT1/cmss/m/n/12 del-la re-la-zio-ne $\OML/cmss/m
/n/12 GIOCATORE$ \OT1/cmss/m/n/12 e l'at-tri-bu-to $\OML/cmss/m/n/12 Nome$ \OT1
/cmss/m/n/12 del-la re-la-zio-ne $\OML/cmss/m/n/12 SQUADRA$\OT1/cmss/m/n/12 . 
 []


Underfull \hbox (badness 10000) in paragraph at lines 274--285

 []


Underfull \hbox (badness 10000) in paragraph at lines 274--285

 []


LaTeX Warning: `!h' float specifier changed to `!ht'.

[138 <./15/img8.png>]
Overfull \hbox (1.82841pt too wide) in paragraph at lines 289--291
\OT1/cmss/m/n/12 In ta-le sche-ma re-la-zio-na-le esi-sto-no i vin-co-li d'in-t
e-grit^^Ra re-fe-ren-zia-le tra l'at-tri-bu-to $\OML/cmss/m/n/12 Fornitore$
 []

<15/img9.png, id=2567, 712.6625pt x 155.58125pt>
File: 15/img9.png Graphic file (type png)
 <use 15/img9.png>
Package pdftex.def Info: 15/img9.png used on input line 297.
(pdftex.def)             Requested size: 356.33038pt x 77.79042pt.

Underfull \hbox (badness 10000) in paragraph at lines 293--301

 []

[139 <./15/img8b.png> <./15/img9.png>]
Overfull \hbox (46.12703pt too wide) in paragraph at lines 304--308
\OT1/cmss/m/n/12 In que-sto sche-ma re-la-zio-na-le esi-ste il vin-co-lo d'in-t
e-grit^^Ra re-fe-ren-zia-le tra l'at-tri-bu-to $\OML/cmss/m/n/12 NomeUniversita
$
 []


Underfull \hbox (badness 10000) in paragraph at lines 304--308

 []

<15/img10.png, id=2577, 723.70375pt x 163.61125pt>
File: 15/img10.png Graphic file (type png)
 <use 15/img10.png>
Package pdftex.def Info: 15/img10.png used on input line 314.
(pdftex.def)             Requested size: 361.85098pt x 81.80542pt.

Underfull \hbox (badness 10000) in paragraph at lines 310--318

 []


Overfull \hbox (11.21559pt too wide) detected at line 321
[] []
 []


Overfull \hbox (15.0646pt too wide) in paragraph at lines 321--323
\OT1/cmss/m/n/12 In que-sto sche-ma esi-ste il vin-co-lo d'in-te-grit^^Ra re-fe
-ren-zia-le tra l'at-tri-bu-to $\OML/cmss/m/n/12 DipartimentoDiretto$
 []

<15/img10b.png, id=2578, 860.21375pt x 205.76875pt>
File: 15/img10b.png Graphic file (type png)
 <use 15/img10b.png>
Package pdftex.def Info: 15/img10b.png used on input line 335.
(pdftex.def)             Requested size: 430.10582pt x 102.88411pt.

Underfull \hbox (badness 10000) in paragraph at lines 326--339

 []


Underfull \hbox (badness 10000) in paragraph at lines 326--339

 []


Underfull \hbox (badness 10000) in paragraph at lines 326--339

 []

[140 <./15/img10.png>] <15/img11.png, id=2588, 707.64375pt x 158.5925pt>
File: 15/img11.png Graphic file (type png)

<use 15/img11.png>
Package pdftex.def Info: 15/img11.png used on input line 348.
(pdftex.def)             Requested size: 353.82101pt x 79.29604pt.

Underfull \hbox (badness 10000) in paragraph at lines 342--352

 []


Underfull \hbox (badness 10000) in paragraph at lines 342--352

 []


LaTeX Warning: `!h' float specifier changed to `!ht'.


Overfull \hbox (5.98631pt too wide) in paragraph at lines 356--360
\OT1/cmss/m/n/12 Su que-sto sche-ma ab-bia-mo due vin-co-li d'in-te-grit^^Ra re
-fe-ren-zia-le: uno tra l'at-tri-bu-to $\OML/cmss/m/n/12 Direttore$
 []


Overfull \hbox (17.98889pt too wide) in paragraph at lines 356--360
\OT1/cmss/m/n/12 Questa so-lu-zio-ne ha il van-tag-gio, ri-spet-to a quel-la in
 cui si ac-cor-pa la re-la-zio-ne $\OML/cmss/m/n/12 DIREZIONE$
 []

[141 <./15/img10b.png>] <15/img12.png, id=2597, 888.31876pt x 610.28pt>
File: 15/img12.png Graphic file (type png)

<use 15/img12.png>
Package pdftex.def Info: 15/img12.png used on input line 371.
(pdftex.def)             Requested size: 444.1583pt x 305.13925pt.

Overfull \hbox (10.53828pt too wide) in paragraph at lines 371--372
 [][] 
 []

)
Underfull \hbox (badness 10000) in paragraph at lines 364--103

 []


Underfull \hbox (badness 10000) in paragraph at lines 364--103

 []


LaTeX Warning: `!h' float specifier changed to `!ht'.

[142 <./15/img11.png>] [143 <./15/img12.png>]
Package atveryend Info: Empty hook `BeforeClearDocument' on input line 106.
Package atveryend Info: Empty hook `AfterLastShipout' on input line 106.
 (./db_notes.aux
(./01ModelloRelazionale.aux) (./02AlgebraRelazionale.aux)
(./03CalcoloRelazionale.aux) (./04Normalizzazione.aux)
(./05ArchitetturaDBMS.aux) (./06SQL.aux) (./07InterrogazioniBase.aux)
(./08Join.aux) (./09Aggregati.aux) (./10OperatoriInsiemistici.aux)
(./11QueryNidificate.aux) (./12ModificaDati.aux)
(./13MetodologieModelliProgetto.aux) (./14ProgettazioneConcettuale.aux)
(./15ProgettazioneLogica.aux))
Package atveryend Info: Executing hook `AtVeryEndDocument' on input line 106.
Package atveryend Info: Executing hook `AtEndAfterFileList' on input line 106.
Package rerunfilecheck Info: File `db_notes.out' has not changed.
(rerunfilecheck)             Checksum: 7CC3268101F7151A57C56ACB75D783C3;14825.


LaTeX Font Warning: Some font shapes were not available, defaults substituted.

 ) 
Here is how much of TeX's memory you used:
 11913 strings out of 493014
 164138 string characters out of 6133352
 396621 words of memory out of 5000000
 13896 multiletter control sequences out of 15000+600000
 17528 words of font info for 68 fonts, out of 8000000 for 9000
 1141 hyphenation exceptions out of 8191
 29i,14n,40p,814b,1842s stack positions out of 5000i,500n,10000p,200000b,80000s
</usr/local/texlive/2016/texmf-dist/fonts/type1/public/amsfonts/cm/cmmi10.pfb
></usr/local/texlive/2016/texmf-dist/fonts/type1/public/amsfonts/cm/cmmi12.pfb>
</usr/local/texlive/2016/texmf-dist/fonts/type1/public/amsfonts/cm/cmmi6.pfb></
usr/local/texlive/2016/texmf-dist/fonts/type1/public/amsfonts/cm/cmmi8.pfb></us
r/local/texlive/2016/texmf-dist/fonts/type1/public/amsfonts/cm/cmr12.pfb></usr/
local/texlive/2016/texmf-dist/fonts/type1/public/amsfonts/cm/cmr6.pfb></usr/loc
al/texlive/2016/texmf-dist/fonts/type1/public/amsfonts/cm/cmr8.pfb></usr/local/
texlive/2016/texmf-dist/fonts/type1/public/amsfonts/cm/cmss12.pfb></usr/local/t
exlive/2016/texmf-dist/fonts/type1/public/amsfonts/cm/cmss17.pfb></usr/local/te
xlive/2016/texmf-dist/fonts/type1/public/amsfonts/cm/cmss8.pfb></usr/local/texl
ive/2016/texmf-dist/fonts/type1/public/amsfonts/cm/cmssbx10.pfb></usr/local/tex
live/2016/texmf-dist/fonts/type1/public/amsfonts/cm/cmssi12.pfb></usr/local/tex
live/2016/texmf-dist/fonts/type1/public/amsfonts/cm/cmsy10.pfb></usr/local/texl
ive/2016/texmf-dist/fonts/type1/public/amsfonts/cm/cmsy6.pfb></usr/local/texliv
e/2016/texmf-dist/fonts/type1/public/amsfonts/cm/cmsy8.pfb></usr/local/texlive/
2016/texmf-dist/fonts/type1/public/amsfonts/cm/cmtt12.pfb></usr/local/texlive/2
016/texmf-dist/fonts/type1/public/amsfonts/cm/cmtt8.pfb></usr/local/texlive/201
6/texmf-dist/fonts/type1/public/amsfonts/symbols/msbm10.pfb>
Output written on db_notes.pdf (144 pages, 1006221 bytes).
PDF statistics:
 2937 PDF objects out of 2984 (max. 8388607)
 2694 compressed objects within 27 object streams
 1295 named destinations out of 1440 (max. 500000)
 1659 words of extra memory for PDF output out of 10000 (max. 10000000)

